examples/app/build/outputs/logs/manifest-merger-debug-report.txt
-- Merging decision tree log ---
manifest
ADDED from examples/app/AndroidManifest.xml:2:1-41:12
	package
		ADDED from examples/app/AndroidManifest.xml:3:5-45
	android:versionName
		ADDED from examples/app/AndroidManifest.xml:5:5-30
	android:versionCode
		ADDED from examples/app/AndroidManifest.xml:4:5-28
		INJECTED from examples/app/AndroidManifest.xml
		INJECTED from examples/app/AndroidManifest.xml
	xmlns:android
		ADDED from examples/app/AndroidManifest.xml:2:11-69
uses-sdk
ADDED from examples/app/AndroidManifest.xml:7:5-9:41
MERGED from [com.android.support:appcompat-v7:23.0.1] AndroidManifest.xml:20:5-43
MERGED from [com.android.support:support-v4:23.0.1] AndroidManifest.xml:20:5-43
MERGED from [app:android-upload-service:unspecified] AndroidManifest.xml:7:5-9:41
MERGED from [com.android.support:support-v4:23.0.1] AndroidManifest.xml:20:5-43
	android:targetSdkVersion
		ADDED from examples/app/AndroidManifest.xml:9:9-38
	android:minSdkVersion
		ADDED from examples/app/AndroidManifest.xml:8:9-35
uses-permission#android.permission.INTERNET
ADDED from examples/app/AndroidManifest.xml:11:5-67
MERGED from [app:android-upload-service:unspecified] AndroidManifest.xml:11:5-67
	android:name
		ADDED from examples/app/AndroidManifest.xml:11:22-64
uses-permission#android.permission.READ_EXTERNAL_STORAGE
ADDED from examples/app/AndroidManifest.xml:12:5-80
MERGED from [app:android-upload-service:unspecified] AndroidManifest.xml:12:5-80
	android:name
		ADDED from examples/app/AndroidManifest.xml:12:22-77
uses-permission#android.permission.WAKE_LOCK
ADDED from examples/app/AndroidManifest.xml:13:5-68
MERGED from [app:android-upload-service:unspecified] AndroidManifest.xml:13:5-68
	android:name
		ADDED from examples/app/AndroidManifest.xml:13:22-65
application
ADDED from examples/app/AndroidManifest.xml:15:5-39:19
MERGED from [com.android.support:appcompat-v7:23.0.1] AndroidManifest.xml:22:5-20
MERGED from [com.android.support:support-v4:23.0.1] AndroidManifest.xml:22:5-20
MERGED from [app:android-upload-service:unspecified] AndroidManifest.xml:15:5-21:19
MERGED from [com.android.support:support-v4:23.0.1] AndroidManifest.xml:22:5-20
	android:label
		ADDED from examples/app/AndroidManifest.xml:18:9-41
	android:allowBackup
		ADDED from examples/app/AndroidManifest.xml:16:9-35
	android:icon
		ADDED from examples/app/AndroidManifest.xml:17:9-45
	android:theme
		ADDED from examples/app/AndroidManifest.xml:19:9-40
activity#com.alexbbb.uploadservice.demo.MainActivity
ADDED from examples/app/AndroidManifest.xml:20:9-29:20
	android:screenOrientation
		ADDED from examples/app/AndroidManifest.xml:22:13-49
	android:label
		ADDED from examples/app/AndroidManifest.xml:23:13-45
	android:name
		ADDED from examples/app/AndroidManifest.xml:21:13-71
intent-filter#android.intent.action.MAIN+android.intent.category.LAUNCHER
ADDED from examples/app/AndroidManifest.xml:24:13-28:29
action#android.intent.action.MAIN
ADDED from examples/app/AndroidManifest.xml:25:17-69
	android:name
		ADDED from examples/app/AndroidManifest.xml:25:25-66
category#android.intent.category.LAUNCHER
ADDED from examples/app/AndroidManifest.xml:27:17-77
	android:name
		ADDED from examples/app/AndroidManifest.xml:27:27-74
service#com.alexbbb.uploadservice.UploadService
ADDED from examples/app/AndroidManifest.xml:31:9-37:13
MERGED from [app:android-upload-service:unspecified] AndroidManifest.xml:16:9-20:19
	android:enabled
		ADDED from examples/app/AndroidManifest.xml:33:7-29
	android:exported
		ADDED from [app:android-upload-service:unspecified] AndroidManifest.xml:19:13-36
	android:name
		ADDED from examples/app/AndroidManifest.xml:32:7-61
intent-filter#com.alexbbb.uploadservice.action.upload
ADDED from examples/app/AndroidManifest.xml:34:7-36:23
action#com.alexbbb.uploadservice.action.upload
ADDED from examples/app/AndroidManifest.xml:35:11-75
	android:name
		ADDED from examples/app/AndroidManifest.xml:35:19-73